<?xml version="1.0" encoding="UTF-8"?>
<testsuite xmlns:xsi="http://www.w3.org/2001/XMLSchema-instance" xsi:noNamespaceSchemaLocation="https://maven.apache.org/surefire/maven-surefire-plugin/xsd/surefire-test-report.xsd" version="3.0.2" name="com.metascan.MetaScanApplicationTests" time="1.925" tests="1" errors="0" skipped="0" failures="0">
  <properties>
[...]
</properties>
  <testcase name="contextLoads" classname="com.metascan.MetaScanApplicationTests" time="0.425">
    <system-out><![CDATA[16:11:17.980 [main] INFO org.springframework.test.context.support.AnnotationConfigContextLoaderUtils -- Could not detect default configuration classes for test class [com.metascan.MetaScanApplicationTests]: MetaScanApplicationTests does not declare any static, non-private, non-final, nested classes annotated with @Configuration.
16:11:18.040 [main] INFO org.springframework.boot.test.context.SpringBootTestContextBootstrapper -- Found @SpringBootConfiguration com.metascan.MetaScanApplication for test class com.metascan.MetaScanApplicationTests

  .   ____          _            __ _ _
 /\\ / ___'_ __ _ _(_)_ __  __ _ \ \ \ \
( ( )\___ | '_ | '_| | '_ \/ _` | \ \ \ \
 \\/  ___)| |_)| | | | | || (_| |  ) ) ) )
  '  |____| .__|_| |_|_| |_\__, | / / / /
 =========|_|==============|___/=/_/_/_/

 :: Spring Boot ::                (v3.4.4)

2026-04-01T16:11:18.257-03:00  INFO 52230 --- [metascan] [           main] com.metascan.MetaScanApplicationTests    : Starting MetaScanApplicationTests using Java 21.0.10 with PID 52230 (started by bruno in /home/bruno/Projects/metascan)
2026-04-01T16:11:18.258-03:00  INFO 52230 --- [metascan] [           main] com.metascan.MetaScanApplicationTests    : No active profile set, falling back to 1 default profile: "default"
2026-04-01T16:11:19.387-03:00  INFO 52230 --- [metascan] [           main] com.metascan.MetaScanApplicationTests    : Started MetaScanApplicationTests in 1.278 seconds (process running for 1.759)
]]></system-out>
    <system-err><![CDATA[Mockito is currently self-attaching to enable the inline-mock-maker. This will no longer work in future releases of the JDK. Please add Mockito as an agent to your build what is described in Mockito's documentation: https://javadoc.io/doc/org.mockito/mockito-core/latest/org/mockito/Mockito.html#0.3
WARNING: A Java agent has been loaded dynamically (/home/bruno/.m2/repository/net/bytebuddy/byte-buddy-agent/1.15.11/byte-buddy-agent-1.15.11.jar)
WARNING: If a serviceability tool is in use, please run with -XX:+EnableDynamicAgentLoading to hide this warning
WARNING: If a serviceability tool is not in use, please run with -Djdk.instrument.traceUsage for more information
WARNING: Dynamic loading of agents will be disallowed by default in a future release
]]></system-err>
  </testcase>
</testsuite>